<?xml version="1.0" encoding="UTF-8"?>
<!-- Generated by org.testng.reporters.JUnitReportReporter -->
<testsuite skipped="0" hostname="dell-PC" name="com.qa.tests.GetAPITest" tests="1" failures="0" timestamp="25 Nov 2018 10:21:38 GMT" time="2.681" errors="0">
  <testcase name="getAPITestWithoutHeaders" time="2.681" classname="com.qa.tests.GetAPITest"/>
</testsuite> <!-- com.qa.tests.GetAPITest -->
